{"/Users/seygorin/Desktop/JS/Epam/rolling-scopes-school/stage-react/RSS-react-tasks/src/App.tsx": {"path":"/Users/seygorin/Desktop/JS/Epam/rolling-scopes-school/stage-react/RSS-react-tasks/src/App.tsx","all":true,"statementMap":{"0":{"start":{"line":1,"column":0},"end":{"line":1,"column":26}},"1":{"start":{"line":2,"column":0},"end":{"line":2,"column":74}},"2":{"start":{"line":3,"column":0},"end":{"line":3,"column":40}},"3":{"start":{"line":4,"column":0},"end":{"line":4,"column":46}},"4":{"start":{"line":5,"column":0},"end":{"line":5,"column":48}},"6":{"start":{"line":7,"column":0},"end":{"line":7,"column":29}},"7":{"start":{"line":8,"column":0},"end":{"line":8,"column":10}},"8":{"start":{"line":9,"column":0},"end":{"line":9,"column":12}},"9":{"start":{"line":10,"column":0},"end":{"line":10,"column":14}},"10":{"start":{"line":11,"column":0},"end":{"line":11,"column":47}},"11":{"start":{"line":12,"column":0},"end":{"line":12,"column":64}},"12":{"start":{"line":13,"column":0},"end":{"line":13,"column":16}},"13":{"start":{"line":14,"column":0},"end":{"line":14,"column":53}},"14":{"start":{"line":15,"column":0},"end":{"line":15,"column":15}},"15":{"start":{"line":16,"column":0},"end":{"line":16,"column":13}},"17":{"start":{"line":18,"column":0},"end":{"line":18,"column":2}},"19":{"start":{"line":20,"column":0},"end":{"line":20,"column":19}}},"s":{"0":0,"1":0,"2":0,"3":0,"4":0,"6":0,"7":0,"8":0,"9":0,"10":0,"11":0,"12":0,"13":0,"14":0,"15":0,"17":0,"19":0},"branchMap":{"0":{"type":"branch","line":1,"loc":{"start":{"line":1,"column":551},"end":{"line":20,"column":19}},"locations":[{"start":{"line":1,"column":551},"end":{"line":20,"column":19}}]}},"b":{"0":[0]},"fnMap":{"0":{"name":"(empty-report)","decl":{"start":{"line":1,"column":551},"end":{"line":20,"column":19}},"loc":{"start":{"line":1,"column":551},"end":{"line":20,"column":19}},"line":1}},"f":{"0":0}}
,"/Users/seygorin/Desktop/JS/Epam/rolling-scopes-school/stage-react/RSS-react-tasks/src/main.tsx": {"path":"/Users/seygorin/Desktop/JS/Epam/rolling-scopes-school/stage-react/RSS-react-tasks/src/main.tsx","all":true,"statementMap":{"0":{"start":{"line":1,"column":0},"end":{"line":1,"column":26}},"1":{"start":{"line":2,"column":0},"end":{"line":2,"column":40}},"2":{"start":{"line":3,"column":0},"end":{"line":3,"column":28}},"3":{"start":{"line":4,"column":0},"end":{"line":4,"column":59}},"4":{"start":{"line":5,"column":0},"end":{"line":5,"column":21}},"6":{"start":{"line":7,"column":0},"end":{"line":7,"column":61}},"7":{"start":{"line":8,"column":0},"end":{"line":8,"column":20}},"8":{"start":{"line":9,"column":0},"end":{"line":9,"column":19}},"9":{"start":{"line":10,"column":0},"end":{"line":10,"column":13}},"10":{"start":{"line":11,"column":0},"end":{"line":11,"column":20}},"11":{"start":{"line":12,"column":0},"end":{"line":12,"column":22}},"12":{"start":{"line":13,"column":0},"end":{"line":13,"column":2}}},"s":{"0":0,"1":0,"2":0,"3":0,"4":0,"6":0,"7":0,"8":0,"9":0,"10":0,"11":0,"12":0},"branchMap":{"0":{"type":"branch","line":1,"loc":{"start":{"line":1,"column":343},"end":{"line":13,"column":2}},"locations":[{"start":{"line":1,"column":343},"end":{"line":13,"column":2}}]}},"b":{"0":[0]},"fnMap":{"0":{"name":"(empty-report)","decl":{"start":{"line":1,"column":343},"end":{"line":13,"column":2}},"loc":{"start":{"line":1,"column":343},"end":{"line":13,"column":2}},"line":1}},"f":{"0":0}}
,"/Users/seygorin/Desktop/JS/Epam/rolling-scopes-school/stage-react/RSS-react-tasks/src/components/Button.tsx": {"path":"/Users/seygorin/Desktop/JS/Epam/rolling-scopes-school/stage-react/RSS-react-tasks/src/components/Button.tsx","all":false,"statementMap":{"0":{"start":{"line":1,"column":0},"end":{"line":1,"column":52}},"1":{"start":{"line":2,"column":0},"end":{"line":2,"column":22}},"7":{"start":{"line":8,"column":0},"end":{"line":8,"column":40}},"8":{"start":{"line":9,"column":0},"end":{"line":9,"column":22}},"9":{"start":{"line":10,"column":0},"end":{"line":10,"column":12}},"10":{"start":{"line":11,"column":0},"end":{"line":11,"column":10}},"11":{"start":{"line":12,"column":0},"end":{"line":12,"column":7}},"12":{"start":{"line":13,"column":0},"end":{"line":13,"column":24}},"13":{"start":{"line":14,"column":0},"end":{"line":14,"column":22}},"14":{"start":{"line":15,"column":0},"end":{"line":15,"column":43}},"15":{"start":{"line":16,"column":0},"end":{"line":16,"column":35}},"16":{"start":{"line":17,"column":0},"end":{"line":17,"column":50}},"17":{"start":{"line":18,"column":0},"end":{"line":18,"column":13}},"19":{"start":{"line":20,"column":0},"end":{"line":20,"column":74}},"20":{"start":{"line":21,"column":0},"end":{"line":21,"column":2}},"22":{"start":{"line":23,"column":0},"end":{"line":23,"column":22}}},"s":{"0":1,"1":1,"7":1,"8":31,"9":31,"10":31,"11":31,"12":31,"13":31,"14":31,"15":31,"16":31,"17":31,"19":31,"20":31,"22":1},"branchMap":{"0":{"type":"branch","line":8,"loc":{"start":{"line":8,"column":38},"end":{"line":21,"column":2}},"locations":[{"start":{"line":8,"column":38},"end":{"line":21,"column":2}}]}},"b":{"0":[31]},"fnMap":{"0":{"name":"Button","decl":{"start":{"line":8,"column":38},"end":{"line":21,"column":2}},"loc":{"start":{"line":8,"column":38},"end":{"line":21,"column":2}},"line":8}},"f":{"0":31}}
,"/Users/seygorin/Desktop/JS/Epam/rolling-scopes-school/stage-react/RSS-react-tasks/src/components/Card.tsx": {"path":"/Users/seygorin/Desktop/JS/Epam/rolling-scopes-school/stage-react/RSS-react-tasks/src/components/Card.tsx","all":false,"statementMap":{"0":{"start":{"line":1,"column":0},"end":{"line":1,"column":26}},"8":{"start":{"line":9,"column":0},"end":{"line":9,"column":51}},"9":{"start":{"line":10,"column":0},"end":{"line":10,"column":36}},"10":{"start":{"line":11,"column":0},"end":{"line":11,"column":37}},"11":{"start":{"line":12,"column":0},"end":{"line":12,"column":31}},"12":{"start":{"line":13,"column":0},"end":{"line":13,"column":2}},"14":{"start":{"line":15,"column":0},"end":{"line":15,"column":60}},"15":{"start":{"line":16,"column":0},"end":{"line":16,"column":56}},"17":{"start":{"line":18,"column":0},"end":{"line":18,"column":10}},"18":{"start":{"line":19,"column":0},"end":{"line":19,"column":60}},"19":{"start":{"line":20,"column":0},"end":{"line":20,"column":28}},"20":{"start":{"line":21,"column":0},"end":{"line":21,"column":39}},"21":{"start":{"line":22,"column":0},"end":{"line":22,"column":11}},"22":{"start":{"line":23,"column":0},"end":{"line":23,"column":50}},"23":{"start":{"line":24,"column":0},"end":{"line":24,"column":12}},"24":{"start":{"line":25,"column":0},"end":{"line":25,"column":11}},"25":{"start":{"line":26,"column":0},"end":{"line":26,"column":46}},"26":{"start":{"line":27,"column":0},"end":{"line":27,"column":12}},"27":{"start":{"line":28,"column":0},"end":{"line":28,"column":11}},"28":{"start":{"line":29,"column":0},"end":{"line":29,"column":58}},"29":{"start":{"line":30,"column":0},"end":{"line":30,"column":12}},"30":{"start":{"line":31,"column":0},"end":{"line":31,"column":11}},"31":{"start":{"line":32,"column":0},"end":{"line":32,"column":58}},"32":{"start":{"line":33,"column":0},"end":{"line":33,"column":12}},"33":{"start":{"line":34,"column":0},"end":{"line":34,"column":11}},"34":{"start":{"line":35,"column":0},"end":{"line":35,"column":56}},"35":{"start":{"line":36,"column":0},"end":{"line":36,"column":12}},"36":{"start":{"line":37,"column":0},"end":{"line":37,"column":11}},"37":{"start":{"line":38,"column":0},"end":{"line":38,"column":58}},"38":{"start":{"line":39,"column":0},"end":{"line":39,"column":12}},"39":{"start":{"line":40,"column":0},"end":{"line":40,"column":11}},"40":{"start":{"line":41,"column":0},"end":{"line":41,"column":50}},"41":{"start":{"line":42,"column":0},"end":{"line":42,"column":12}},"42":{"start":{"line":43,"column":0},"end":{"line":43,"column":12}},"43":{"start":{"line":44,"column":0},"end":{"line":44,"column":9}},"45":{"start":{"line":46,"column":0},"end":{"line":46,"column":2}},"47":{"start":{"line":48,"column":0},"end":{"line":48,"column":20}}},"s":{"0":1,"8":1,"9":7,"10":7,"11":7,"12":7,"14":1,"15":7,"17":7,"18":7,"19":7,"20":7,"21":7,"22":7,"23":7,"24":7,"25":7,"26":7,"27":7,"28":7,"29":7,"30":7,"31":7,"32":7,"33":7,"34":7,"35":7,"36":7,"37":7,"38":7,"39":7,"40":7,"41":7,"42":7,"43":7,"45":7,"47":1},"branchMap":{"0":{"type":"branch","line":9,"loc":{"start":{"line":9,"column":25},"end":{"line":13,"column":2}},"locations":[{"start":{"line":9,"column":25},"end":{"line":13,"column":2}}]},"1":{"type":"branch","line":12,"loc":{"start":{"line":12,"column":24},"end":{"line":12,"column":31}},"locations":[{"start":{"line":12,"column":24},"end":{"line":12,"column":31}}]},"2":{"type":"branch","line":15,"loc":{"start":{"line":15,"column":34},"end":{"line":46,"column":2}},"locations":[{"start":{"line":15,"column":34},"end":{"line":46,"column":2}}]},"3":{"type":"branch","line":19,"loc":{"start":{"line":19,"column":41},"end":{"line":19,"column":60}},"locations":[{"start":{"line":19,"column":41},"end":{"line":19,"column":60}}]}},"b":{"0":[7],"1":[0],"2":[7],"3":[1]},"fnMap":{"0":{"name":"extractIdFromUrl","decl":{"start":{"line":9,"column":25},"end":{"line":13,"column":2}},"loc":{"start":{"line":9,"column":25},"end":{"line":13,"column":2}},"line":9},"1":{"name":"Card","decl":{"start":{"line":15,"column":34},"end":{"line":46,"column":2}},"loc":{"start":{"line":15,"column":34},"end":{"line":46,"column":2}},"line":15},"2":{"name":"onClick","decl":{"start":{"line":19,"column":41},"end":{"line":19,"column":60}},"loc":{"start":{"line":19,"column":41},"end":{"line":19,"column":60}},"line":19}},"f":{"0":7,"1":7,"2":1}}
,"/Users/seygorin/Desktop/JS/Epam/rolling-scopes-school/stage-react/RSS-react-tasks/src/components/CardList.tsx": {"path":"/Users/seygorin/Desktop/JS/Epam/rolling-scopes-school/stage-react/RSS-react-tasks/src/components/CardList.tsx","all":false,"statementMap":{"0":{"start":{"line":1,"column":0},"end":{"line":1,"column":26}},"2":{"start":{"line":3,"column":0},"end":{"line":3,"column":26}},"3":{"start":{"line":4,"column":0},"end":{"line":4,"column":36}},"10":{"start":{"line":11,"column":0},"end":{"line":11,"column":72}},"11":{"start":{"line":12,"column":0},"end":{"line":12,"column":28}},"12":{"start":{"line":13,"column":0},"end":{"line":13,"column":25}},"13":{"start":{"line":14,"column":0},"end":{"line":14,"column":3}},"15":{"start":{"line":16,"column":0},"end":{"line":16,"column":10}},"16":{"start":{"line":17,"column":0},"end":{"line":17,"column":33}},"17":{"start":{"line":18,"column":0},"end":{"line":18,"column":31}},"18":{"start":{"line":19,"column":0},"end":{"line":19,"column":72}},"19":{"start":{"line":20,"column":0},"end":{"line":20,"column":9}},"20":{"start":{"line":21,"column":0},"end":{"line":21,"column":9}},"22":{"start":{"line":23,"column":0},"end":{"line":23,"column":2}},"24":{"start":{"line":25,"column":0},"end":{"line":25,"column":24}}},"s":{"0":1,"2":1,"3":1,"10":1,"11":4,"12":1,"13":1,"15":3,"16":3,"17":3,"18":6,"19":3,"20":3,"22":3,"24":1},"branchMap":{"0":{"type":"branch","line":11,"loc":{"start":{"line":11,"column":42},"end":{"line":23,"column":2}},"locations":[{"start":{"line":11,"column":42},"end":{"line":23,"column":2}}]},"1":{"type":"branch","line":12,"loc":{"start":{"line":12,"column":27},"end":{"line":23,"column":2}},"locations":[{"start":{"line":12,"column":27},"end":{"line":23,"column":2}}]},"2":{"type":"branch","line":12,"loc":{"start":{"line":12,"column":27},"end":{"line":14,"column":3}},"locations":[{"start":{"line":12,"column":27},"end":{"line":14,"column":3}}]},"3":{"type":"branch","line":18,"loc":{"start":{"line":18,"column":18},"end":{"line":19,"column":72}},"locations":[{"start":{"line":18,"column":18},"end":{"line":19,"column":72}}]}},"b":{"0":[4],"1":[3],"2":[1],"3":[6]},"fnMap":{"0":{"name":"CardList","decl":{"start":{"line":11,"column":42},"end":{"line":23,"column":2}},"loc":{"start":{"line":11,"column":42},"end":{"line":23,"column":2}},"line":11}},"f":{"0":4}}
,"/Users/seygorin/Desktop/JS/Epam/rolling-scopes-school/stage-react/RSS-react-tasks/src/components/ErrorBoundary.tsx": {"path":"/Users/seygorin/Desktop/JS/Epam/rolling-scopes-school/stage-react/RSS-react-tasks/src/components/ErrorBoundary.tsx","all":false,"statementMap":{"0":{"start":{"line":1,"column":0},"end":{"line":1,"column":56}},"1":{"start":{"line":2,"column":0},"end":{"line":2,"column":42}},"13":{"start":{"line":14,"column":0},"end":{"line":14,"column":53}},"14":{"start":{"line":15,"column":0},"end":{"line":15,"column":18}},"15":{"start":{"line":16,"column":0},"end":{"line":16,"column":20}},"16":{"start":{"line":17,"column":0},"end":{"line":17,"column":16}},"17":{"start":{"line":18,"column":0},"end":{"line":18,"column":20}},"18":{"start":{"line":19,"column":0},"end":{"line":19,"column":4}},"20":{"start":{"line":21,"column":0},"end":{"line":21,"column":49}},"21":{"start":{"line":22,"column":0},"end":{"line":22,"column":37}},"22":{"start":{"line":23,"column":0},"end":{"line":23,"column":3}},"24":{"start":{"line":25,"column":0},"end":{"line":25,"column":63}},"25":{"start":{"line":26,"column":0},"end":{"line":26,"column":69}},"26":{"start":{"line":27,"column":0},"end":{"line":27,"column":40}},"27":{"start":{"line":28,"column":0},"end":{"line":28,"column":3}},"29":{"start":{"line":30,"column":0},"end":{"line":30,"column":30}},"30":{"start":{"line":31,"column":0},"end":{"line":31,"column":69}},"31":{"start":{"line":32,"column":0},"end":{"line":32,"column":29}},"32":{"start":{"line":33,"column":0},"end":{"line":33,"column":4}},"34":{"start":{"line":35,"column":0},"end":{"line":35,"column":12}},"35":{"start":{"line":36,"column":0},"end":{"line":36,"column":30}},"36":{"start":{"line":37,"column":0},"end":{"line":37,"column":14}},"37":{"start":{"line":38,"column":0},"end":{"line":38,"column":62}},"38":{"start":{"line":39,"column":0},"end":{"line":39,"column":38}},"39":{"start":{"line":40,"column":0},"end":{"line":40,"column":44}},"40":{"start":{"line":41,"column":0},"end":{"line":41,"column":67}},"42":{"start":{"line":43,"column":0},"end":{"line":43,"column":19}},"43":{"start":{"line":44,"column":0},"end":{"line":44,"column":14}},"45":{"start":{"line":46,"column":0},"end":{"line":46,"column":5}},"47":{"start":{"line":48,"column":0},"end":{"line":48,"column":31}},"48":{"start":{"line":49,"column":0},"end":{"line":49,"column":3}},"49":{"start":{"line":50,"column":0},"end":{"line":50,"column":1}},"51":{"start":{"line":52,"column":0},"end":{"line":52,"column":29}}},"s":{"0":1,"1":1,"13":4,"14":4,"15":4,"16":4,"17":4,"18":4,"20":4,"21":4,"22":4,"24":4,"25":1,"26":1,"27":1,"29":4,"30":0,"31":0,"32":0,"34":1,"35":6,"36":3,"37":3,"38":3,"39":3,"40":3,"42":3,"43":3,"45":3,"47":3,"48":6,"49":1,"51":1},"branchMap":{"0":{"type":"branch","line":14,"loc":{"start":{"line":14,"column":0},"end":{"line":33,"column":4}},"locations":[{"start":{"line":14,"column":0},"end":{"line":33,"column":4}}]},"1":{"type":"branch","line":25,"loc":{"start":{"line":25,"column":2},"end":{"line":28,"column":3}},"locations":[{"start":{"line":25,"column":2},"end":{"line":28,"column":3}}]},"2":{"type":"branch","line":35,"loc":{"start":{"line":35,"column":2},"end":{"line":49,"column":3}},"locations":[{"start":{"line":35,"column":2},"end":{"line":49,"column":3}}]},"3":{"type":"branch","line":36,"loc":{"start":{"line":36,"column":29},"end":{"line":48,"column":31}},"locations":[{"start":{"line":36,"column":29},"end":{"line":48,"column":31}}]}},"b":{"0":[4],"1":[1],"2":[6],"3":[3]},"fnMap":{"0":{"name":"ErrorBoundary","decl":{"start":{"line":14,"column":0},"end":{"line":33,"column":4}},"loc":{"start":{"line":14,"column":0},"end":{"line":33,"column":4}},"line":14},"1":{"name":"ErrorBoundary.handleReload","decl":{"start":{"line":30,"column":17},"end":{"line":33,"column":4}},"loc":{"start":{"line":30,"column":17},"end":{"line":33,"column":4}},"line":30},"2":{"name":"componentDidCatch","decl":{"start":{"line":25,"column":2},"end":{"line":28,"column":3}},"loc":{"start":{"line":25,"column":2},"end":{"line":28,"column":3}},"line":25},"3":{"name":"render","decl":{"start":{"line":35,"column":2},"end":{"line":49,"column":3}},"loc":{"start":{"line":35,"column":2},"end":{"line":49,"column":3}},"line":35}},"f":{"0":4,"1":0,"2":1,"3":6}}
,"/Users/seygorin/Desktop/JS/Epam/rolling-scopes-school/stage-react/RSS-react-tasks/src/components/ErrorMessage.tsx": {"path":"/Users/seygorin/Desktop/JS/Epam/rolling-scopes-school/stage-react/RSS-react-tasks/src/components/ErrorMessage.tsx","all":false,"statementMap":{"0":{"start":{"line":1,"column":0},"end":{"line":1,"column":26}},"1":{"start":{"line":2,"column":0},"end":{"line":2,"column":28}},"7":{"start":{"line":8,"column":0},"end":{"line":8,"column":56}},"8":{"start":{"line":9,"column":0},"end":{"line":9,"column":52}},"9":{"start":{"line":10,"column":0},"end":{"line":10,"column":2}},"11":{"start":{"line":12,"column":0},"end":{"line":12,"column":28}}},"s":{"0":1,"1":1,"7":1,"8":1,"9":1,"11":1},"branchMap":{"0":{"type":"branch","line":8,"loc":{"start":{"line":8,"column":38},"end":{"line":10,"column":2}},"locations":[{"start":{"line":8,"column":38},"end":{"line":10,"column":2}}]}},"b":{"0":[1]},"fnMap":{"0":{"name":"ErrorMessage","decl":{"start":{"line":8,"column":38},"end":{"line":10,"column":2}},"loc":{"start":{"line":8,"column":38},"end":{"line":10,"column":2}},"line":8}},"f":{"0":1}}
,"/Users/seygorin/Desktop/JS/Epam/rolling-scopes-school/stage-react/RSS-react-tasks/src/components/Loading.tsx": {"path":"/Users/seygorin/Desktop/JS/Epam/rolling-scopes-school/stage-react/RSS-react-tasks/src/components/Loading.tsx","all":false,"statementMap":{"0":{"start":{"line":1,"column":0},"end":{"line":1,"column":14}},"2":{"start":{"line":3,"column":0},"end":{"line":3,"column":23}},"4":{"start":{"line":5,"column":0},"end":{"line":5,"column":33}},"5":{"start":{"line":6,"column":0},"end":{"line":6,"column":47}},"6":{"start":{"line":7,"column":0},"end":{"line":7,"column":2}},"8":{"start":{"line":9,"column":0},"end":{"line":9,"column":23}}},"s":{"0":1,"2":1,"4":1,"5":3,"6":3,"8":1},"branchMap":{"0":{"type":"branch","line":5,"loc":{"start":{"line":5,"column":26},"end":{"line":7,"column":2}},"locations":[{"start":{"line":5,"column":26},"end":{"line":7,"column":2}}]}},"b":{"0":[3]},"fnMap":{"0":{"name":"Loading","decl":{"start":{"line":5,"column":26},"end":{"line":7,"column":2}},"loc":{"start":{"line":5,"column":26},"end":{"line":7,"column":2}},"line":5}},"f":{"0":3}}
,"/Users/seygorin/Desktop/JS/Epam/rolling-scopes-school/stage-react/RSS-react-tasks/src/components/NoResults.tsx": {"path":"/Users/seygorin/Desktop/JS/Epam/rolling-scopes-school/stage-react/RSS-react-tasks/src/components/NoResults.tsx","all":false,"statementMap":{"0":{"start":{"line":1,"column":0},"end":{"line":1,"column":26}},"1":{"start":{"line":2,"column":0},"end":{"line":2,"column":25}},"7":{"start":{"line":8,"column":0},"end":{"line":8,"column":71}},"8":{"start":{"line":9,"column":0},"end":{"line":9,"column":49}},"9":{"start":{"line":10,"column":0},"end":{"line":10,"column":2}},"11":{"start":{"line":12,"column":0},"end":{"line":12,"column":25}}},"s":{"0":1,"1":1,"7":1,"8":4,"9":4,"11":1},"branchMap":{"0":{"type":"branch","line":8,"loc":{"start":{"line":8,"column":35},"end":{"line":10,"column":2}},"locations":[{"start":{"line":8,"column":35},"end":{"line":10,"column":2}}]}},"b":{"0":[4]},"fnMap":{"0":{"name":"NoResults","decl":{"start":{"line":8,"column":35},"end":{"line":10,"column":2}},"loc":{"start":{"line":8,"column":35},"end":{"line":10,"column":2}},"line":8}},"f":{"0":4}}
,"/Users/seygorin/Desktop/JS/Epam/rolling-scopes-school/stage-react/RSS-react-tasks/src/components/Pagination.tsx": {"path":"/Users/seygorin/Desktop/JS/Epam/rolling-scopes-school/stage-react/RSS-react-tasks/src/components/Pagination.tsx","all":false,"statementMap":{"0":{"start":{"line":1,"column":0},"end":{"line":1,"column":26}},"1":{"start":{"line":2,"column":0},"end":{"line":2,"column":30}},"9":{"start":{"line":10,"column":0},"end":{"line":10,"column":48}},"10":{"start":{"line":11,"column":0},"end":{"line":11,"column":14}},"11":{"start":{"line":12,"column":0},"end":{"line":12,"column":13}},"12":{"start":{"line":13,"column":0},"end":{"line":13,"column":15}},"13":{"start":{"line":14,"column":0},"end":{"line":14,"column":7}},"14":{"start":{"line":15,"column":0},"end":{"line":15,"column":10}},"15":{"start":{"line":16,"column":0},"end":{"line":16,"column":32}},"16":{"start":{"line":17,"column":0},"end":{"line":17,"column":13}},"17":{"start":{"line":18,"column":0},"end":{"line":18,"column":53}},"18":{"start":{"line":19,"column":0},"end":{"line":19,"column":36}},"19":{"start":{"line":20,"column":0},"end":{"line":20,"column":28}},"20":{"start":{"line":21,"column":0},"end":{"line":21,"column":7}},"22":{"start":{"line":23,"column":0},"end":{"line":23,"column":15}},"23":{"start":{"line":24,"column":0},"end":{"line":24,"column":12}},"24":{"start":{"line":25,"column":0},"end":{"line":25,"column":42}},"25":{"start":{"line":26,"column":0},"end":{"line":26,"column":13}},"26":{"start":{"line":27,"column":0},"end":{"line":27,"column":13}},"27":{"start":{"line":28,"column":0},"end":{"line":28,"column":53}},"28":{"start":{"line":29,"column":0},"end":{"line":29,"column":45}},"29":{"start":{"line":30,"column":0},"end":{"line":30,"column":28}},"30":{"start":{"line":31,"column":0},"end":{"line":31,"column":7}},"32":{"start":{"line":33,"column":0},"end":{"line":33,"column":15}},"33":{"start":{"line":34,"column":0},"end":{"line":34,"column":10}},"35":{"start":{"line":36,"column":0},"end":{"line":36,"column":2}},"37":{"start":{"line":38,"column":0},"end":{"line":38,"column":26}}},"s":{"0":1,"1":1,"9":1,"10":6,"11":6,"12":6,"13":6,"14":6,"15":6,"16":6,"17":6,"18":6,"19":6,"20":6,"22":6,"23":6,"24":6,"25":6,"26":6,"27":6,"28":6,"29":6,"30":6,"32":6,"33":6,"35":6,"37":1},"branchMap":{"0":{"type":"branch","line":10,"loc":{"start":{"line":10,"column":46},"end":{"line":36,"column":2}},"locations":[{"start":{"line":10,"column":46},"end":{"line":36,"column":2}}]},"1":{"type":"branch","line":18,"loc":{"start":{"line":18,"column":17},"end":{"line":18,"column":53}},"locations":[{"start":{"line":18,"column":17},"end":{"line":18,"column":53}}]},"2":{"type":"branch","line":28,"loc":{"start":{"line":28,"column":17},"end":{"line":28,"column":53}},"locations":[{"start":{"line":28,"column":17},"end":{"line":28,"column":53}}]}},"b":{"0":[6],"1":[1],"2":[1]},"fnMap":{"0":{"name":"Pagination","decl":{"start":{"line":10,"column":46},"end":{"line":36,"column":2}},"loc":{"start":{"line":10,"column":46},"end":{"line":36,"column":2}},"line":10},"1":{"name":"onClick","decl":{"start":{"line":18,"column":17},"end":{"line":18,"column":53}},"loc":{"start":{"line":18,"column":17},"end":{"line":18,"column":53}},"line":18},"2":{"name":"onClick","decl":{"start":{"line":28,"column":17},"end":{"line":28,"column":53}},"loc":{"start":{"line":28,"column":17},"end":{"line":28,"column":53}},"line":28}},"f":{"0":6,"1":1,"2":1}}
,"/Users/seygorin/Desktop/JS/Epam/rolling-scopes-school/stage-react/RSS-react-tasks/src/components/Results.tsx": {"path":"/Users/seygorin/Desktop/JS/Epam/rolling-scopes-school/stage-react/RSS-react-tasks/src/components/Results.tsx","all":false,"statementMap":{"0":{"start":{"line":1,"column":0},"end":{"line":1,"column":51}},"1":{"start":{"line":2,"column":0},"end":{"line":2,"column":51}},"2":{"start":{"line":3,"column":0},"end":{"line":3,"column":46}},"4":{"start":{"line":5,"column":0},"end":{"line":5,"column":34}},"5":{"start":{"line":6,"column":0},"end":{"line":6,"column":38}},"6":{"start":{"line":7,"column":0},"end":{"line":7,"column":32}},"7":{"start":{"line":8,"column":0},"end":{"line":8,"column":42}},"8":{"start":{"line":9,"column":0},"end":{"line":9,"column":36}},"9":{"start":{"line":10,"column":0},"end":{"line":10,"column":23}},"16":{"start":{"line":17,"column":0},"end":{"line":17,"column":67}},"17":{"start":{"line":18,"column":0},"end":{"line":18,"column":53}},"18":{"start":{"line":19,"column":0},"end":{"line":19,"column":48}},"19":{"start":{"line":20,"column":0},"end":{"line":20,"column":58}},"20":{"start":{"line":21,"column":0},"end":{"line":21,"column":50}},"22":{"start":{"line":23,"column":0},"end":{"line":23,"column":60}},"23":{"start":{"line":24,"column":0},"end":{"line":24,"column":68}},"25":{"start":{"line":26,"column":0},"end":{"line":26,"column":19}},"26":{"start":{"line":27,"column":0},"end":{"line":27,"column":17}},"27":{"start":{"line":28,"column":0},"end":{"line":28,"column":32}},"29":{"start":{"line":30,"column":0},"end":{"line":30,"column":34}},"30":{"start":{"line":31,"column":0},"end":{"line":31,"column":21}},"31":{"start":{"line":32,"column":0},"end":{"line":32,"column":19}},"33":{"start":{"line":34,"column":0},"end":{"line":34,"column":9}},"34":{"start":{"line":35,"column":0},"end":{"line":35,"column":66}},"35":{"start":{"line":36,"column":0},"end":{"line":36,"column":39}},"36":{"start":{"line":37,"column":0},"end":{"line":37,"column":57}},"37":{"start":{"line":38,"column":0},"end":{"line":38,"column":21}},"38":{"start":{"line":39,"column":0},"end":{"line":39,"column":27}},"39":{"start":{"line":40,"column":0},"end":{"line":40,"column":39}},"40":{"start":{"line":41,"column":0},"end":{"line":41,"column":15}},"41":{"start":{"line":42,"column":0},"end":{"line":42,"column":24}},"42":{"start":{"line":43,"column":0},"end":{"line":43,"column":5}},"43":{"start":{"line":44,"column":0},"end":{"line":44,"column":4}},"45":{"start":{"line":46,"column":0},"end":{"line":46,"column":49}},"46":{"start":{"line":47,"column":0},"end":{"line":47,"column":50}},"47":{"start":{"line":48,"column":0},"end":{"line":48,"column":4}},"49":{"start":{"line":50,"column":0},"end":{"line":50,"column":16}},"50":{"start":{"line":51,"column":0},"end":{"line":51,"column":23}},"51":{"start":{"line":52,"column":0},"end":{"line":52,"column":3}},"53":{"start":{"line":54,"column":0},"end":{"line":54,"column":14}},"54":{"start":{"line":55,"column":0},"end":{"line":55,"column":44}},"55":{"start":{"line":56,"column":0},"end":{"line":56,"column":3}},"57":{"start":{"line":58,"column":0},"end":{"line":58,"column":10}},"58":{"start":{"line":59,"column":0},"end":{"line":59,"column":39}},"59":{"start":{"line":60,"column":0},"end":{"line":60,"column":28}},"60":{"start":{"line":61,"column":0},"end":{"line":61,"column":10}},"61":{"start":{"line":62,"column":0},"end":{"line":62,"column":64}},"62":{"start":{"line":63,"column":0},"end":{"line":63,"column":21}},"63":{"start":{"line":64,"column":0},"end":{"line":64,"column":37}},"64":{"start":{"line":65,"column":0},"end":{"line":65,"column":35}},"65":{"start":{"line":66,"column":0},"end":{"line":66,"column":43}},"66":{"start":{"line":67,"column":0},"end":{"line":67,"column":12}},"67":{"start":{"line":68,"column":0},"end":{"line":68,"column":11}},"69":{"start":{"line":70,"column":0},"end":{"line":70,"column":21}},"71":{"start":{"line":72,"column":0},"end":{"line":72,"column":10}},"73":{"start":{"line":74,"column":0},"end":{"line":74,"column":2}},"75":{"start":{"line":76,"column":0},"end":{"line":76,"column":23}}},"s":{"0":1,"1":1,"2":1,"4":1,"5":1,"6":1,"7":1,"8":1,"9":1,"16":1,"17":6,"18":6,"19":6,"20":6,"22":6,"23":6,"25":6,"26":2,"27":6,"29":6,"30":2,"31":2,"33":2,"34":2,"35":2,"36":2,"37":2,"38":0,"39":0,"40":2,"41":2,"42":2,"43":2,"45":6,"46":0,"47":0,"49":6,"50":2,"51":2,"53":6,"54":0,"55":0,"57":4,"58":4,"59":4,"60":2,"61":2,"62":2,"63":2,"64":2,"65":2,"66":2,"67":2,"69":2,"71":6,"73":6,"75":1},"branchMap":{"0":{"type":"branch","line":17,"loc":{"start":{"line":17,"column":33},"end":{"line":74,"column":2}},"locations":[{"start":{"line":17,"column":33},"end":{"line":74,"column":2}}]},"1":{"type":"branch","line":50,"loc":{"start":{"line":50,"column":15},"end":{"line":52,"column":3}},"locations":[{"start":{"line":50,"column":15},"end":{"line":52,"column":3}}]},"2":{"type":"branch","line":52,"loc":{"start":{"line":52,"column":2},"end":{"line":54,"column":13}},"locations":[{"start":{"line":52,"column":2},"end":{"line":54,"column":13}}]},"3":{"type":"branch","line":54,"loc":{"start":{"line":54,"column":13},"end":{"line":56,"column":3}},"locations":[{"start":{"line":54,"column":13},"end":{"line":56,"column":3}}]},"4":{"type":"branch","line":56,"loc":{"start":{"line":56,"column":2},"end":{"line":60,"column":28}},"locations":[{"start":{"line":56,"column":2},"end":{"line":60,"column":28}}]},"5":{"type":"branch","line":60,"loc":{"start":{"line":60,"column":23},"end":{"line":68,"column":11}},"locations":[{"start":{"line":60,"column":23},"end":{"line":68,"column":11}}]},"6":{"type":"branch","line":68,"loc":{"start":{"line":68,"column":8},"end":{"line":70,"column":21}},"locations":[{"start":{"line":68,"column":8},"end":{"line":70,"column":21}}]},"7":{"type":"branch","line":26,"loc":{"start":{"line":26,"column":12},"end":{"line":28,"column":5}},"locations":[{"start":{"line":26,"column":12},"end":{"line":28,"column":5}}]},"8":{"type":"branch","line":30,"loc":{"start":{"line":30,"column":21},"end":{"line":44,"column":4}},"locations":[{"start":{"line":30,"column":21},"end":{"line":44,"column":4}}]},"9":{"type":"branch","line":38,"loc":{"start":{"line":38,"column":4},"end":{"line":41,"column":6}},"locations":[{"start":{"line":38,"column":4},"end":{"line":41,"column":6}}]}},"b":{"0":[6],"1":[2],"2":[4],"3":[0],"4":[4],"5":[2],"6":[2],"7":[2],"8":[2],"9":[0]},"fnMap":{"0":{"name":"Results","decl":{"start":{"line":17,"column":33},"end":{"line":74,"column":2}},"loc":{"start":{"line":17,"column":33},"end":{"line":74,"column":2}},"line":17},"1":{"name":"loadPeople","decl":{"start":{"line":30,"column":21},"end":{"line":44,"column":4}},"loc":{"start":{"line":30,"column":21},"end":{"line":44,"column":4}},"line":30},"2":{"name":"handlePageChange","decl":{"start":{"line":46,"column":27},"end":{"line":48,"column":4}},"loc":{"start":{"line":46,"column":27},"end":{"line":48,"column":4}},"line":46}},"f":{"0":6,"1":2,"2":0}}
,"/Users/seygorin/Desktop/JS/Epam/rolling-scopes-school/stage-react/RSS-react-tasks/src/components/SearchInput.tsx": {"path":"/Users/seygorin/Desktop/JS/Epam/rolling-scopes-school/stage-react/RSS-react-tasks/src/components/SearchInput.tsx","all":false,"statementMap":{"0":{"start":{"line":1,"column":0},"end":{"line":1,"column":75}},"1":{"start":{"line":2,"column":0},"end":{"line":2,"column":47}},"2":{"start":{"line":3,"column":0},"end":{"line":3,"column":30}},"3":{"start":{"line":4,"column":0},"end":{"line":4,"column":27}},"10":{"start":{"line":11,"column":0},"end":{"line":11,"column":75}},"11":{"start":{"line":12,"column":0},"end":{"line":12,"column":66}},"12":{"start":{"line":13,"column":0},"end":{"line":13,"column":33}},"14":{"start":{"line":15,"column":0},"end":{"line":15,"column":19}},"15":{"start":{"line":16,"column":0},"end":{"line":16,"column":37}},"16":{"start":{"line":17,"column":0},"end":{"line":17,"column":26}},"18":{"start":{"line":19,"column":0},"end":{"line":19,"column":66}},"19":{"start":{"line":20,"column":0},"end":{"line":20,"column":38}},"20":{"start":{"line":21,"column":0},"end":{"line":21,"column":4}},"22":{"start":{"line":23,"column":0},"end":{"line":23,"column":46}},"23":{"start":{"line":24,"column":0},"end":{"line":24,"column":27}},"24":{"start":{"line":25,"column":0},"end":{"line":25,"column":48}},"25":{"start":{"line":26,"column":0},"end":{"line":26,"column":32}},"27":{"start":{"line":28,"column":0},"end":{"line":28,"column":28}},"28":{"start":{"line":29,"column":0},"end":{"line":29,"column":48}},"29":{"start":{"line":30,"column":0},"end":{"line":30,"column":12}},"30":{"start":{"line":31,"column":0},"end":{"line":31,"column":20}},"31":{"start":{"line":32,"column":0},"end":{"line":32,"column":5}},"32":{"start":{"line":33,"column":0},"end":{"line":33,"column":4}},"33":{"start":{"line":34,"column":0},"end":{"line":34,"column":10}},"34":{"start":{"line":35,"column":0},"end":{"line":35,"column":58}},"35":{"start":{"line":36,"column":0},"end":{"line":36,"column":12}},"36":{"start":{"line":37,"column":0},"end":{"line":37,"column":19}},"37":{"start":{"line":38,"column":0},"end":{"line":38,"column":32}},"38":{"start":{"line":39,"column":0},"end":{"line":39,"column":26}},"39":{"start":{"line":40,"column":0},"end":{"line":40,"column":31}},"40":{"start":{"line":41,"column":0},"end":{"line":41,"column":8}},"41":{"start":{"line":42,"column":0},"end":{"line":42,"column":45}},"43":{"start":{"line":44,"column":0},"end":{"line":44,"column":15}},"44":{"start":{"line":45,"column":0},"end":{"line":45,"column":11}},"46":{"start":{"line":47,"column":0},"end":{"line":47,"column":2}},"48":{"start":{"line":49,"column":0},"end":{"line":49,"column":27}}},"s":{"0":1,"1":1,"2":1,"3":1,"10":1,"11":12,"12":12,"14":12,"15":4,"16":12,"18":12,"19":3,"20":3,"22":12,"23":2,"24":2,"25":2,"27":2,"28":1,"29":1,"30":1,"31":1,"32":2,"33":12,"34":12,"35":12,"36":12,"37":12,"38":12,"39":12,"40":12,"41":12,"43":12,"44":12,"46":12,"48":1},"branchMap":{"0":{"type":"branch","line":11,"loc":{"start":{"line":11,"column":37},"end":{"line":47,"column":2}},"locations":[{"start":{"line":11,"column":37},"end":{"line":47,"column":2}}]},"1":{"type":"branch","line":15,"loc":{"start":{"line":15,"column":12},"end":{"line":17,"column":5}},"locations":[{"start":{"line":15,"column":12},"end":{"line":17,"column":5}}]},"2":{"type":"branch","line":19,"loc":{"start":{"line":19,"column":23},"end":{"line":21,"column":4}},"locations":[{"start":{"line":19,"column":23},"end":{"line":21,"column":4}}]},"3":{"type":"branch","line":23,"loc":{"start":{"line":23,"column":23},"end":{"line":33,"column":4}},"locations":[{"start":{"line":23,"column":23},"end":{"line":33,"column":4}}]},"4":{"type":"branch","line":28,"loc":{"start":{"line":28,"column":27},"end":{"line":32,"column":5}},"locations":[{"start":{"line":28,"column":27},"end":{"line":32,"column":5}}]}},"b":{"0":[12],"1":[4],"2":[3],"3":[2],"4":[1]},"fnMap":{"0":{"name":"SearchInput","decl":{"start":{"line":11,"column":37},"end":{"line":47,"column":2}},"loc":{"start":{"line":11,"column":37},"end":{"line":47,"column":2}},"line":11},"1":{"name":"handleChange","decl":{"start":{"line":19,"column":23},"end":{"line":21,"column":4}},"loc":{"start":{"line":19,"column":23},"end":{"line":21,"column":4}},"line":19},"2":{"name":"handleSubmit","decl":{"start":{"line":23,"column":23},"end":{"line":33,"column":4}},"loc":{"start":{"line":23,"column":23},"end":{"line":33,"column":4}},"line":23}},"f":{"0":12,"1":3,"2":2}}
,"/Users/seygorin/Desktop/JS/Epam/rolling-scopes-school/stage-react/RSS-react-tasks/src/hooks/useMainPage.tsx": {"path":"/Users/seygorin/Desktop/JS/Epam/rolling-scopes-school/stage-react/RSS-react-tasks/src/hooks/useMainPage.tsx","all":true,"statementMap":{"0":{"start":{"line":1,"column":0},"end":{"line":1,"column":44}},"1":{"start":{"line":2,"column":0},"end":{"line":2,"column":64}},"2":{"start":{"line":3,"column":0},"end":{"line":3,"column":55}},"8":{"start":{"line":9,"column":0},"end":{"line":9,"column":32}},"9":{"start":{"line":10,"column":0},"end":{"line":10,"column":72}},"10":{"start":{"line":11,"column":0},"end":{"line":11,"column":76}},"11":{"start":{"line":12,"column":0},"end":{"line":12,"column":55}},"12":{"start":{"line":13,"column":0},"end":{"line":13,"column":39}},"13":{"start":{"line":14,"column":0},"end":{"line":14,"column":50}},"15":{"start":{"line":16,"column":0},"end":{"line":16,"column":33}},"16":{"start":{"line":17,"column":0},"end":{"line":17,"column":60}},"17":{"start":{"line":18,"column":0},"end":{"line":18,"column":47}},"19":{"start":{"line":20,"column":0},"end":{"line":20,"column":19}},"20":{"start":{"line":21,"column":0},"end":{"line":21,"column":35}},"21":{"start":{"line":22,"column":0},"end":{"line":22,"column":9}},"23":{"start":{"line":24,"column":0},"end":{"line":24,"column":48}},"24":{"start":{"line":25,"column":0},"end":{"line":25,"column":30}},"25":{"start":{"line":26,"column":0},"end":{"line":26,"column":35}},"26":{"start":{"line":27,"column":0},"end":{"line":27,"column":4}},"28":{"start":{"line":29,"column":0},"end":{"line":29,"column":28}},"29":{"start":{"line":30,"column":0},"end":{"line":30,"column":22}},"30":{"start":{"line":31,"column":0},"end":{"line":31,"column":4}},"32":{"start":{"line":33,"column":0},"end":{"line":33,"column":43}},"33":{"start":{"line":34,"column":0},"end":{"line":34,"column":35}},"34":{"start":{"line":35,"column":0},"end":{"line":35,"column":44}},"35":{"start":{"line":36,"column":0},"end":{"line":36,"column":4}},"37":{"start":{"line":38,"column":0},"end":{"line":38,"column":30}},"38":{"start":{"line":39,"column":0},"end":{"line":39,"column":33}},"39":{"start":{"line":40,"column":0},"end":{"line":40,"column":31}},"40":{"start":{"line":41,"column":0},"end":{"line":41,"column":4}},"42":{"start":{"line":43,"column":0},"end":{"line":43,"column":10}},"43":{"start":{"line":44,"column":0},"end":{"line":44,"column":15}},"44":{"start":{"line":45,"column":0},"end":{"line":45,"column":26}},"45":{"start":{"line":46,"column":0},"end":{"line":46,"column":24}},"46":{"start":{"line":47,"column":0},"end":{"line":47,"column":13}},"47":{"start":{"line":48,"column":0},"end":{"line":48,"column":17}},"48":{"start":{"line":49,"column":0},"end":{"line":49,"column":15}},"49":{"start":{"line":50,"column":0},"end":{"line":50,"column":20}},"50":{"start":{"line":51,"column":0},"end":{"line":51,"column":17}},"51":{"start":{"line":52,"column":0},"end":{"line":52,"column":4}},"52":{"start":{"line":53,"column":0},"end":{"line":53,"column":2}},"54":{"start":{"line":55,"column":0},"end":{"line":55,"column":32}}},"s":{"0":0,"1":0,"2":0,"8":0,"9":0,"10":0,"11":0,"12":0,"13":0,"15":0,"16":0,"17":0,"19":0,"20":0,"21":0,"23":0,"24":0,"25":0,"26":0,"28":0,"29":0,"30":0,"32":0,"33":0,"34":0,"35":0,"37":0,"38":0,"39":0,"40":0,"42":0,"43":0,"44":0,"45":0,"46":0,"47":0,"48":0,"49":0,"50":0,"51":0,"52":0,"54":0},"branchMap":{"0":{"type":"branch","line":1,"loc":{"start":{"line":1,"column":0},"end":{"line":55,"column":-220}},"locations":[{"start":{"line":1,"column":0},"end":{"line":55,"column":-220}}]}},"b":{"0":[0]},"fnMap":{"0":{"name":"(empty-report)","decl":{"start":{"line":1,"column":0},"end":{"line":55,"column":-220}},"loc":{"start":{"line":1,"column":0},"end":{"line":55,"column":-220}},"line":1}},"f":{"0":0}}
,"/Users/seygorin/Desktop/JS/Epam/rolling-scopes-school/stage-react/RSS-react-tasks/src/hooks/usePersonDetails.tsx": {"path":"/Users/seygorin/Desktop/JS/Epam/rolling-scopes-school/stage-react/RSS-react-tasks/src/hooks/usePersonDetails.tsx","all":false,"statementMap":{"0":{"start":{"line":1,"column":0},"end":{"line":1,"column":44}},"1":{"start":{"line":2,"column":0},"end":{"line":2,"column":53}},"4":{"start":{"line":5,"column":0},"end":{"line":5,"column":54}},"5":{"start":{"line":6,"column":0},"end":{"line":6,"column":60}},"6":{"start":{"line":7,"column":0},"end":{"line":7,"column":48}},"7":{"start":{"line":8,"column":0},"end":{"line":8,"column":58}},"9":{"start":{"line":10,"column":0},"end":{"line":10,"column":19}},"10":{"start":{"line":11,"column":0},"end":{"line":11,"column":13}},"11":{"start":{"line":12,"column":0},"end":{"line":12,"column":28}},"12":{"start":{"line":13,"column":0},"end":{"line":13,"column":5}},"13":{"start":{"line":14,"column":0},"end":{"line":14,"column":11}},"15":{"start":{"line":16,"column":0},"end":{"line":16,"column":57}},"16":{"start":{"line":17,"column":0},"end":{"line":17,"column":21}},"17":{"start":{"line":18,"column":0},"end":{"line":18,"column":19}},"19":{"start":{"line":20,"column":0},"end":{"line":20,"column":9}},"20":{"start":{"line":21,"column":0},"end":{"line":21,"column":58}},"21":{"start":{"line":22,"column":0},"end":{"line":22,"column":31}},"22":{"start":{"line":23,"column":0},"end":{"line":23,"column":21}},"23":{"start":{"line":24,"column":0},"end":{"line":24,"column":27}},"24":{"start":{"line":25,"column":0},"end":{"line":25,"column":42}},"25":{"start":{"line":26,"column":0},"end":{"line":26,"column":15}},"26":{"start":{"line":27,"column":0},"end":{"line":27,"column":24}},"27":{"start":{"line":28,"column":0},"end":{"line":28,"column":5}},"28":{"start":{"line":29,"column":0},"end":{"line":29,"column":4}},"30":{"start":{"line":31,"column":0},"end":{"line":31,"column":36}},"31":{"start":{"line":32,"column":0},"end":{"line":32,"column":2}},"33":{"start":{"line":34,"column":0},"end":{"line":34,"column":32}}},"s":{"0":1,"1":1,"4":1,"5":0,"6":0,"7":0,"9":0,"10":0,"11":0,"12":0,"13":0,"15":0,"16":0,"17":0,"19":0,"20":0,"21":0,"22":0,"23":0,"24":0,"25":0,"26":0,"27":0,"28":0,"30":0,"31":0,"33":1},"branchMap":{},"b":{},"fnMap":{"0":{"name":"usePersonDetails","decl":{"start":{"line":5,"column":25},"end":{"line":32,"column":2}},"loc":{"start":{"line":5,"column":25},"end":{"line":32,"column":2}},"line":5}},"f":{"0":0}}
,"/Users/seygorin/Desktop/JS/Epam/rolling-scopes-school/stage-react/RSS-react-tasks/src/pages/DetailsPage.tsx": {"path":"/Users/seygorin/Desktop/JS/Epam/rolling-scopes-school/stage-react/RSS-react-tasks/src/pages/DetailsPage.tsx","all":false,"statementMap":{"0":{"start":{"line":1,"column":0},"end":{"line":1,"column":26}},"1":{"start":{"line":2,"column":0},"end":{"line":2,"column":45}},"2":{"start":{"line":3,"column":0},"end":{"line":3,"column":57}},"3":{"start":{"line":4,"column":0},"end":{"line":4,"column":38}},"4":{"start":{"line":5,"column":0},"end":{"line":5,"column":44}},"5":{"start":{"line":6,"column":0},"end":{"line":6,"column":54}},"6":{"start":{"line":7,"column":0},"end":{"line":7,"column":48}},"7":{"start":{"line":8,"column":0},"end":{"line":8,"column":27}},"9":{"start":{"line":10,"column":0},"end":{"line":10,"column":37}},"10":{"start":{"line":11,"column":0},"end":{"line":11,"column":45}},"11":{"start":{"line":12,"column":0},"end":{"line":12,"column":58}},"13":{"start":{"line":14,"column":0},"end":{"line":14,"column":16}},"14":{"start":{"line":15,"column":0},"end":{"line":15,"column":23}},"15":{"start":{"line":16,"column":0},"end":{"line":16,"column":3}},"17":{"start":{"line":18,"column":0},"end":{"line":18,"column":14}},"18":{"start":{"line":19,"column":0},"end":{"line":19,"column":44}},"19":{"start":{"line":20,"column":0},"end":{"line":20,"column":3}},"21":{"start":{"line":22,"column":0},"end":{"line":22,"column":16}},"22":{"start":{"line":23,"column":0},"end":{"line":23,"column":25}},"23":{"start":{"line":24,"column":0},"end":{"line":24,"column":3}},"25":{"start":{"line":26,"column":0},"end":{"line":26,"column":10}},"26":{"start":{"line":27,"column":0},"end":{"line":27,"column":39}},"27":{"start":{"line":28,"column":0},"end":{"line":28,"column":49}},"28":{"start":{"line":29,"column":0},"end":{"line":29,"column":10}},"30":{"start":{"line":31,"column":0},"end":{"line":31,"column":2}},"32":{"start":{"line":33,"column":0},"end":{"line":33,"column":27}}},"s":{"0":1,"1":1,"2":1,"3":1,"4":1,"5":1,"6":1,"7":1,"9":1,"10":4,"11":4,"13":4,"14":1,"15":1,"17":4,"18":1,"19":1,"21":4,"22":1,"23":1,"25":1,"26":1,"27":1,"28":1,"30":1,"32":1},"branchMap":{"0":{"type":"branch","line":10,"loc":{"start":{"line":10,"column":30},"end":{"line":31,"column":2}},"locations":[{"start":{"line":10,"column":30},"end":{"line":31,"column":2}}]},"1":{"type":"branch","line":14,"loc":{"start":{"line":14,"column":15},"end":{"line":16,"column":3}},"locations":[{"start":{"line":14,"column":15},"end":{"line":16,"column":3}}]},"2":{"type":"branch","line":16,"loc":{"start":{"line":16,"column":2},"end":{"line":18,"column":13}},"locations":[{"start":{"line":16,"column":2},"end":{"line":18,"column":13}}]},"3":{"type":"branch","line":18,"loc":{"start":{"line":18,"column":13},"end":{"line":20,"column":3}},"locations":[{"start":{"line":18,"column":13},"end":{"line":20,"column":3}}]},"4":{"type":"branch","line":20,"loc":{"start":{"line":20,"column":2},"end":{"line":22,"column":15}},"locations":[{"start":{"line":20,"column":2},"end":{"line":22,"column":15}}]},"5":{"type":"branch","line":22,"loc":{"start":{"line":22,"column":15},"end":{"line":31,"column":2}},"locations":[{"start":{"line":22,"column":15},"end":{"line":31,"column":2}}]}},"b":{"0":[4],"1":[1],"2":[3],"3":[1],"4":[2],"5":[1]},"fnMap":{"0":{"name":"DetailsPage","decl":{"start":{"line":10,"column":30},"end":{"line":31,"column":2}},"loc":{"start":{"line":10,"column":30},"end":{"line":31,"column":2}},"line":10},"1":{"name":"onClick","decl":{"start":{"line":28,"column":37},"end":{"line":28,"column":47}},"loc":{"start":{"line":28,"column":37},"end":{"line":28,"column":47}},"line":28}},"f":{"0":4,"1":0}}
,"/Users/seygorin/Desktop/JS/Epam/rolling-scopes-school/stage-react/RSS-react-tasks/src/pages/MainPage.tsx": {"path":"/Users/seygorin/Desktop/JS/Epam/rolling-scopes-school/stage-react/RSS-react-tasks/src/pages/MainPage.tsx","all":true,"statementMap":{"0":{"start":{"line":1,"column":0},"end":{"line":1,"column":26}},"1":{"start":{"line":2,"column":0},"end":{"line":2,"column":42}},"2":{"start":{"line":3,"column":0},"end":{"line":3,"column":52}},"3":{"start":{"line":4,"column":0},"end":{"line":4,"column":52}},"4":{"start":{"line":5,"column":0},"end":{"line":5,"column":44}},"5":{"start":{"line":6,"column":0},"end":{"line":6,"column":42}},"6":{"start":{"line":7,"column":0},"end":{"line":7,"column":24}},"8":{"start":{"line":9,"column":0},"end":{"line":9,"column":34}},"9":{"start":{"line":10,"column":0},"end":{"line":10,"column":9}},"10":{"start":{"line":11,"column":0},"end":{"line":11,"column":15}},"11":{"start":{"line":12,"column":0},"end":{"line":12,"column":26}},"12":{"start":{"line":13,"column":0},"end":{"line":13,"column":24}},"13":{"start":{"line":14,"column":0},"end":{"line":14,"column":13}},"14":{"start":{"line":15,"column":0},"end":{"line":15,"column":17}},"15":{"start":{"line":16,"column":0},"end":{"line":16,"column":15}},"16":{"start":{"line":17,"column":0},"end":{"line":17,"column":20}},"17":{"start":{"line":18,"column":0},"end":{"line":18,"column":17}},"18":{"start":{"line":19,"column":0},"end":{"line":19,"column":25}},"20":{"start":{"line":21,"column":0},"end":{"line":21,"column":17}},"21":{"start":{"line":22,"column":0},"end":{"line":22,"column":34}},"22":{"start":{"line":23,"column":0},"end":{"line":23,"column":3}},"24":{"start":{"line":25,"column":0},"end":{"line":25,"column":10}},"25":{"start":{"line":26,"column":0},"end":{"line":26,"column":32}},"26":{"start":{"line":27,"column":0},"end":{"line":27,"column":59}},"28":{"start":{"line":29,"column":0},"end":{"line":29,"column":15}},"29":{"start":{"line":30,"column":0},"end":{"line":30,"column":35}},"30":{"start":{"line":31,"column":0},"end":{"line":31,"column":78}},"31":{"start":{"line":32,"column":0},"end":{"line":32,"column":12}},"32":{"start":{"line":33,"column":0},"end":{"line":33,"column":10}},"33":{"start":{"line":34,"column":0},"end":{"line":34,"column":35}},"34":{"start":{"line":35,"column":0},"end":{"line":35,"column":61}},"36":{"start":{"line":37,"column":0},"end":{"line":37,"column":38}},"37":{"start":{"line":38,"column":0},"end":{"line":38,"column":37}},"38":{"start":{"line":39,"column":0},"end":{"line":39,"column":77}},"40":{"start":{"line":41,"column":0},"end":{"line":41,"column":14}},"41":{"start":{"line":42,"column":0},"end":{"line":42,"column":33}},"42":{"start":{"line":43,"column":0},"end":{"line":43,"column":41}},"43":{"start":{"line":44,"column":0},"end":{"line":44,"column":22}},"44":{"start":{"line":45,"column":0},"end":{"line":45,"column":64}},"46":{"start":{"line":47,"column":0},"end":{"line":47,"column":21}},"47":{"start":{"line":48,"column":0},"end":{"line":48,"column":16}},"49":{"start":{"line":50,"column":0},"end":{"line":50,"column":12}},"50":{"start":{"line":51,"column":0},"end":{"line":51,"column":11}},"52":{"start":{"line":53,"column":0},"end":{"line":53,"column":2}},"54":{"start":{"line":55,"column":0},"end":{"line":55,"column":24}}},"s":{"0":0,"1":0,"2":0,"3":0,"4":0,"5":0,"6":0,"8":0,"9":0,"10":0,"11":0,"12":0,"13":0,"14":0,"15":0,"16":0,"17":0,"18":0,"20":0,"21":0,"22":0,"24":0,"25":0,"26":0,"28":0,"29":0,"30":0,"31":0,"32":0,"33":0,"34":0,"36":0,"37":0,"38":0,"40":0,"41":0,"42":0,"43":0,"44":0,"46":0,"47":0,"49":0,"50":0,"52":0,"54":0},"branchMap":{"0":{"type":"branch","line":1,"loc":{"start":{"line":1,"column":0},"end":{"line":55,"column":-785}},"locations":[{"start":{"line":1,"column":0},"end":{"line":55,"column":-785}}]}},"b":{"0":[0]},"fnMap":{"0":{"name":"(empty-report)","decl":{"start":{"line":1,"column":0},"end":{"line":55,"column":-785}},"loc":{"start":{"line":1,"column":0},"end":{"line":55,"column":-785}},"line":1}},"f":{"0":0}}
,"/Users/seygorin/Desktop/JS/Epam/rolling-scopes-school/stage-react/RSS-react-tasks/src/pages/NotFoundPage.tsx": {"path":"/Users/seygorin/Desktop/JS/Epam/rolling-scopes-school/stage-react/RSS-react-tasks/src/pages/NotFoundPage.tsx","all":false,"statementMap":{"0":{"start":{"line":1,"column":0},"end":{"line":1,"column":26}},"1":{"start":{"line":2,"column":0},"end":{"line":2,"column":40}},"2":{"start":{"line":3,"column":0},"end":{"line":3,"column":28}},"4":{"start":{"line":5,"column":0},"end":{"line":5,"column":38}},"5":{"start":{"line":6,"column":0},"end":{"line":6,"column":10}},"6":{"start":{"line":7,"column":0},"end":{"line":7,"column":36}},"7":{"start":{"line":8,"column":0},"end":{"line":8,"column":35}},"8":{"start":{"line":9,"column":0},"end":{"line":9,"column":57}},"9":{"start":{"line":10,"column":0},"end":{"line":10,"column":36}},"10":{"start":{"line":11,"column":0},"end":{"line":11,"column":10}},"12":{"start":{"line":13,"column":0},"end":{"line":13,"column":2}},"14":{"start":{"line":15,"column":0},"end":{"line":15,"column":28}}},"s":{"0":1,"1":1,"2":1,"4":1,"5":1,"6":1,"7":1,"8":1,"9":1,"10":1,"12":1,"14":1},"branchMap":{"0":{"type":"branch","line":5,"loc":{"start":{"line":5,"column":31},"end":{"line":13,"column":2}},"locations":[{"start":{"line":5,"column":31},"end":{"line":13,"column":2}}]}},"b":{"0":[1]},"fnMap":{"0":{"name":"NotFoundPage","decl":{"start":{"line":5,"column":31},"end":{"line":13,"column":2}},"loc":{"start":{"line":5,"column":31},"end":{"line":13,"column":2}},"line":5}},"f":{"0":1}}
,"/Users/seygorin/Desktop/JS/Epam/rolling-scopes-school/stage-react/RSS-react-tasks/src/services/api.ts": {"path":"/Users/seygorin/Desktop/JS/Epam/rolling-scopes-school/stage-react/RSS-react-tasks/src/services/api.ts","all":false,"statementMap":{"0":{"start":{"line":1,"column":0},"end":{"line":1,"column":26}},"3":{"start":{"line":4,"column":0},"end":{"line":4,"column":72}},"4":{"start":{"line":5,"column":0},"end":{"line":5,"column":80}},"5":{"start":{"line":6,"column":0},"end":{"line":6,"column":53}},"6":{"start":{"line":7,"column":0},"end":{"line":7,"column":18}},"7":{"start":{"line":8,"column":0},"end":{"line":8,"column":2}},"9":{"start":{"line":10,"column":0},"end":{"line":10,"column":57}},"10":{"start":{"line":11,"column":0},"end":{"line":11,"column":52}},"11":{"start":{"line":12,"column":0},"end":{"line":12,"column":48}},"12":{"start":{"line":13,"column":0},"end":{"line":13,"column":18}},"13":{"start":{"line":14,"column":0},"end":{"line":14,"column":2}}},"s":{"0":1,"3":1,"4":0,"5":0,"6":0,"7":0,"9":1,"10":0,"11":0,"12":0,"13":0},"branchMap":{},"b":{},"fnMap":{"0":{"name":"fetchPeople","decl":{"start":{"line":4,"column":27},"end":{"line":8,"column":2}},"loc":{"start":{"line":4,"column":27},"end":{"line":8,"column":2}},"line":4},"1":{"name":"fetchPersonDetails","decl":{"start":{"line":10,"column":34},"end":{"line":14,"column":2}},"loc":{"start":{"line":10,"column":34},"end":{"line":14,"column":2}},"line":10}},"f":{"0":0,"1":0}}
,"/Users/seygorin/Desktop/JS/Epam/rolling-scopes-school/stage-react/RSS-react-tasks/src/utils/useLocalStorage.tsx": {"path":"/Users/seygorin/Desktop/JS/Epam/rolling-scopes-school/stage-react/RSS-react-tasks/src/utils/useLocalStorage.tsx","all":true,"statementMap":{"0":{"start":{"line":1,"column":0},"end":{"line":1,"column":44}},"2":{"start":{"line":3,"column":0},"end":{"line":3,"column":64}},"3":{"start":{"line":4,"column":0},"end":{"line":4,"column":44}},"4":{"start":{"line":5,"column":0},"end":{"line":5,"column":53}},"5":{"start":{"line":6,"column":0},"end":{"line":6,"column":5}},"7":{"start":{"line":8,"column":0},"end":{"line":8,"column":19}},"8":{"start":{"line":9,"column":0},"end":{"line":9,"column":37}},"9":{"start":{"line":10,"column":0},"end":{"line":10,"column":19}},"11":{"start":{"line":12,"column":0},"end":{"line":12,"column":19}},"12":{"start":{"line":13,"column":0},"end":{"line":13,"column":18}},"13":{"start":{"line":14,"column":0},"end":{"line":14,"column":39}},"14":{"start":{"line":15,"column":0},"end":{"line":15,"column":6}},"15":{"start":{"line":16,"column":0},"end":{"line":16,"column":19}},"17":{"start":{"line":18,"column":0},"end":{"line":18,"column":36}},"18":{"start":{"line":19,"column":0},"end":{"line":19,"column":2}},"20":{"start":{"line":21,"column":0},"end":{"line":21,"column":31}}},"s":{"0":0,"2":0,"3":0,"4":0,"5":0,"7":0,"8":0,"9":0,"11":0,"12":0,"13":0,"14":0,"15":0,"17":0,"18":0,"20":0},"branchMap":{"0":{"type":"branch","line":1,"loc":{"start":{"line":1,"column":0},"end":{"line":21,"column":-77}},"locations":[{"start":{"line":1,"column":0},"end":{"line":21,"column":-77}}]}},"b":{"0":[0]},"fnMap":{"0":{"name":"(empty-report)","decl":{"start":{"line":1,"column":0},"end":{"line":21,"column":-77}},"loc":{"start":{"line":1,"column":0},"end":{"line":21,"column":-77}},"line":1}},"f":{"0":0}}
}
